<?xml version="1.0" encoding="UTF-8"?>
<!-- Generated by org.testng.reporters.JUnitReportReporter -->
<testsuite hostname="LAPTOP-471TUT24" failures="0" tests="3" name="com.simplilearn.testpages.HomePageTest" time="2.685" errors="0" timestamp="2023-10-12T16:30:05 IST" skipped="0">
  <testcase classname="com.simplilearn.testpages.HomePageTest" name="titleTest" time="0.042"/>
  <system-out/>
  <testcase classname="com.simplilearn.testpages.HomePageTest" name="isAllCoursesTest" time="2.090"/>
  <system-out/>
  <testcase classname="com.simplilearn.testpages.HomePageTest" name="getAllCourses" time="0.553"/>
  <system-out/>
</testsuite> <!-- com.simplilearn.testpages.HomePageTest -->
